Performing C SOURCE FILE Test CMAKE_HAVE_LIBC_PTHREAD failed with the following output:
Change Dir: /home/germanrv/drone_ws/build_isolated/drone_projection/CMakeFiles/CMakeTmp

Run Build Command(s):/usr/bin/make cmTC_17fb8/fast && /usr/bin/make -f CMakeFiles/cmTC_17fb8.dir/build.make CMakeFiles/cmTC_17fb8.dir/build
make[1]: se entra en el directorio '/home/germanrv/drone_ws/build_isolated/drone_projection/CMakeFiles/CMakeTmp'
Building C object CMakeFiles/cmTC_17fb8.dir/src.c.o
/usr/lib/ccache/cc   -DCMAKE_HAVE_LIBC_PTHREAD   -o CMakeFiles/cmTC_17fb8.dir/src.c.o   -c /home/germanrv/drone_ws/build_isolated/drone_projection/CMakeFiles/CMakeTmp/src.c
Linking C executable cmTC_17fb8
/usr/bin/cmake -E cmake_link_script CMakeFiles/cmTC_17fb8.dir/link.txt --verbose=1
/usr/lib/ccache/cc  -DCMAKE_HAVE_LIBC_PTHREAD    -rdynamic CMakeFiles/cmTC_17fb8.dir/src.c.o  -o cmTC_17fb8 
/usr/bin/ld: CMakeFiles/cmTC_17fb8.dir/src.c.o: en la función `main':
src.c:(.text+0x46): referencia a `pthread_create' sin definir
/usr/bin/ld: src.c:(.text+0x52): referencia a `pthread_detach' sin definir
/usr/bin/ld: src.c:(.text+0x63): referencia a `pthread_join' sin definir
collect2: error: ld returned 1 exit status
make[1]: *** [CMakeFiles/cmTC_17fb8.dir/build.make:87: cmTC_17fb8] Error 1
make[1]: se sale del directorio '/home/germanrv/drone_ws/build_isolated/drone_projection/CMakeFiles/CMakeTmp'
make: *** [Makefile:121: cmTC_17fb8/fast] Error 2


Source file was:
#include <pthread.h>

void* test_func(void* data)
{
  return data;
}

int main(void)
{
  pthread_t thread;
  pthread_create(&thread, NULL, test_func, NULL);
  pthread_detach(thread);
  pthread_join(thread, NULL);
  pthread_atfork(NULL, NULL, NULL);
  pthread_exit(NULL);

  return 0;
}

Determining if the function pthread_create exists in the pthreads failed with the following output:
Change Dir: /home/germanrv/drone_ws/build_isolated/drone_projection/CMakeFiles/CMakeTmp

Run Build Command(s):/usr/bin/make cmTC_19d60/fast && /usr/bin/make -f CMakeFiles/cmTC_19d60.dir/build.make CMakeFiles/cmTC_19d60.dir/build
make[1]: se entra en el directorio '/home/germanrv/drone_ws/build_isolated/drone_projection/CMakeFiles/CMakeTmp'
Building C object CMakeFiles/cmTC_19d60.dir/CheckFunctionExists.c.o
/usr/lib/ccache/cc   -DCHECK_FUNCTION_EXISTS=pthread_create   -o CMakeFiles/cmTC_19d60.dir/CheckFunctionExists.c.o   -c /usr/share/cmake-3.16/Modules/CheckFunctionExists.c
Linking C executable cmTC_19d60
/usr/bin/cmake -E cmake_link_script CMakeFiles/cmTC_19d60.dir/link.txt --verbose=1
/usr/lib/ccache/cc  -DCHECK_FUNCTION_EXISTS=pthread_create    -rdynamic CMakeFiles/cmTC_19d60.dir/CheckFunctionExists.c.o  -o cmTC_19d60  -lpthreads 
/usr/bin/ld: no se puede encontrar -lpthreads
collect2: error: ld returned 1 exit status
make[1]: *** [CMakeFiles/cmTC_19d60.dir/build.make:87: cmTC_19d60] Error 1
make[1]: se sale del directorio '/home/germanrv/drone_ws/build_isolated/drone_projection/CMakeFiles/CMakeTmp'
make: *** [Makefile:121: cmTC_19d60/fast] Error 2



